 
****************************************
Report : timing
        -path full
        -delay max
        -max_paths 1
Design : Top
Version: W-2024.09
Date   : Wed Jan  1 14:06:04 2025
****************************************

 # A fanout number of 1000 was used for high fanout net computations.

Operating Conditions: ss0p6vm40c   Library: saed14rvt_ss0p6vm40c
Wire Load Model Mode: top

  Startpoint: u_ex_mem_stage_MEM_decoder_rd_index_reg_0_/CK
              (internal path startpoint clocked by clk)
  Endpoint: R_246 (rising edge-triggered flip-flop clocked by clk)
  Path Group: clk
  Path Type: max

  Des/Clust/Port     Wire Load Model       Library
  ------------------------------------------------
  Top                8000                  saed14rvt_tt0p8v125c

  Point                                                   Incr       Path
  --------------------------------------------------------------------------
  clock clk (rise edge)                                   0.00       0.00
  clock network delay (ideal)                             0.00       0.00
  input external delay                                    0.00       0.00 r
  u_ex_mem_stage_MEM_decoder_rd_index_reg_0_/CK (SAEDRVT14_LSRDPQ_2)
                                                          0.00 #     0.00 r
  u_ex_mem_stage_MEM_decoder_rd_index_reg_0_/Q (SAEDRVT14_LSRDPQ_2)
                                                          0.01       0.01 r
  U2971/X (SAEDRVT14_EO2_1)                               0.02       0.04 f
  U3191/X (SAEDRVT14_ND2_ECO_1)                           0.01       0.05 r
  U3194/X (SAEDRVT14_OR3_1)                               0.01       0.06 r
  U2812/X (SAEDRVT14_NR2_1)                               0.01       0.08 f
  U3213/X (SAEDRVT14_ND2B_U_0P5)                          0.02       0.09 f
  U3214/X (SAEDRVT14_NR2_1)                               0.01       0.11 r
  U3024/X (SAEDRVT14_ND2_ECO_1)                           0.01       0.12 f
  U3249/X (SAEDRVT14_INV_0P5)                             0.01       0.13 r
  U2991/X (SAEDRVT14_INV_0P5)                             0.02       0.15 f
  U3476/X (SAEDRVT14_OAI21_0P5)                           0.02       0.17 r
  U3007/X (SAEDRVT14_NR2_1)                               0.01       0.18 f
  U3052/X (SAEDRVT14_INV_0P5)                             0.01       0.19 r
  U3008/X (SAEDRVT14_NR2_1)                               0.01       0.20 f
  U1976/X (SAEDRVT14_NR2_1)                               0.01       0.21 r
  U1966/X (SAEDRVT14_NR2_1)                               0.01       0.22 f
  U3488/X (SAEDRVT14_OR3_1)                               0.02       0.24 f
  U2829/X (SAEDRVT14_NR2_1)                               0.01       0.25 r
  U2818/X (SAEDRVT14_OR2_1)                               0.01       0.26 r
  U1955/X (SAEDRVT14_AN2_MM_1)                            0.02       0.28 r
  U3026/X (SAEDRVT14_NR2_1)                               0.01       0.28 f
  U3060/X (SAEDRVT14_AOI21_0P5)                           0.02       0.30 r
  U3583/X (SAEDRVT14_OAI21_0P5)                           0.02       0.32 f
  U3645/X (SAEDRVT14_OAI21_0P5)                           0.02       0.33 r
  U3043/X (SAEDRVT14_EO2_V1_0P75)                         0.02       0.35 f
  U3042/X (SAEDRVT14_OAI21_0P5)                           0.01       0.37 r
  U3672/X (SAEDRVT14_NR2_1)                               0.02       0.38 f
  U2046/X (SAEDRVT14_OAI21_0P5)                           0.01       0.40 r
  U3674/X (SAEDRVT14_NR2_1)                               0.01       0.41 f
  U3676/X (SAEDRVT14_ND3B_0P75)                           0.02       0.43 r
  U1997/X (SAEDRVT14_BUF_1P5)                             0.02       0.45 r
  U3753/X (SAEDRVT14_OAI22_0P5)                           0.02       0.46 f
  U3755/X (SAEDRVT14_ND3B_0P75)                           0.03       0.49 f
  U2982/X (SAEDRVT14_ND2_ECO_1)                           0.01       0.50 r
  U3757/X (SAEDRVT14_OAI21_0P5)                           0.02       0.52 f
  U2316/X (SAEDRVT14_AOI21_0P75)                          0.01       0.53 r
  U2000/X (SAEDRVT14_OAI21_0P5)                           0.02       0.55 f
  U1989/X (SAEDRVT14_AOI21_0P75)                          0.02       0.57 r
  U3808/X (SAEDRVT14_OAI21_0P5)                           0.01       0.58 f
  U2042/X (SAEDRVT14_AOI21_0P5)                           0.02       0.60 r
  U3830/X (SAEDRVT14_OAI21_0P5)                           0.02       0.62 f
  U2940/X (SAEDRVT14_AO21B_0P5)                           0.02       0.64 f
  U2885/X (SAEDRVT14_AO21B_0P5)                           0.02       0.66 f
  U2920/X (SAEDRVT14_INV_0P5)                             0.01       0.67 r
  R_246/D (SAEDRVT14_FDPQB_V3_1)                          0.01       0.67 r
  data arrival time                                                  0.67

  clock clk (rise edge)                                   0.60       0.60
  clock network delay (ideal)                             0.00       0.60
  clock uncertainty                                      -0.01       0.59
  R_246/CK (SAEDRVT14_FDPQB_V3_1)                         0.00       0.59 r
  library setup time                                     -0.01       0.58
  data required time                                                 0.58
  --------------------------------------------------------------------------
  data required time                                                 0.58
  data arrival time                                                 -0.67
  --------------------------------------------------------------------------
  slack (VIOLATED)                                                  -0.09


1
